[0.103s] DEBUG:colcon:Command line arguments: ['/home/jinhyuk2me/venv/ros_venv/bin/colcon', 'build']
[0.103s] DEBUG:colcon:Parsed command line arguments: Namespace(log_base=None, log_level=None, verb_name='build', build_base='build', install_base='install', merge_install=False, symlink_install=False, test_result_base=None, continue_on_error=False, executor='parallel', parallel_workers=12, event_handlers=None, ignore_user_meta=False, metas=['./colcon.meta'], base_paths=['.'], packages_ignore=None, packages_ignore_regex=None, paths=None, packages_up_to=None, packages_up_to_regex=None, packages_above=None, packages_above_and_dependencies=None, packages_above_depth=None, packages_select_by_dep=None, packages_skip_by_dep=None, packages_skip_up_to=None, packages_select_build_failed=False, packages_skip_build_finished=False, packages_select_test_failures=False, packages_skip_test_passed=False, packages_select=None, packages_skip=None, packages_select_regex=None, packages_skip_regex=None, packages_start=None, packages_end=None, allow_overriding=[], cmake_args=None, cmake_target=None, cmake_target_skip_unavailable=False, cmake_clean_cache=False, cmake_clean_first=False, cmake_force_configure=False, ament_cmake_args=None, catkin_cmake_args=None, catkin_skip_building_tests=False, mixin_files=None, mixin=None, verb_parser=<colcon_mixin.mixin.mixin_argument.MixinArgumentDecorator object at 0x7568f48d3c20>, verb_extension=<colcon_core.verb.build.BuildVerb object at 0x7568f3def830>, main=<bound method BuildVerb.main of <colcon_core.verb.build.BuildVerb object at 0x7568f3def830>>, mixin_verb=('build',))
[0.132s] Level 1:colcon.colcon_core.package_discovery:discover_packages(colcon_meta) check parameters
[0.132s] Level 1:colcon.colcon_core.package_discovery:discover_packages(recursive) check parameters
[0.132s] Level 1:colcon.colcon_core.package_discovery:discover_packages(ignore) check parameters
[0.132s] Level 1:colcon.colcon_core.package_discovery:discover_packages(path) check parameters
[0.132s] Level 1:colcon.colcon_core.package_discovery:discover_packages(colcon_meta) discover
[0.132s] Level 1:colcon.colcon_core.package_discovery:discover_packages(recursive) discover
[0.132s] INFO:colcon.colcon_core.package_discovery:Crawling recursively for packages in '/home/jinhyuk2me/dev_ws/Shopee/ros2_ws'
[0.132s] Level 1:colcon.colcon_core.package_identification:_identify(.) by extensions ['ignore', 'ignore_ament_install']
[0.132s] Level 1:colcon.colcon_core.package_identification:_identify(.) by extension 'ignore'
[0.132s] Level 1:colcon.colcon_core.package_identification:_identify(.) by extension 'ignore_ament_install'
[0.132s] Level 1:colcon.colcon_core.package_identification:_identify(.) by extensions ['colcon_pkg']
[0.132s] Level 1:colcon.colcon_core.package_identification:_identify(.) by extension 'colcon_pkg'
[0.133s] Level 1:colcon.colcon_core.package_identification:_identify(.) by extensions ['colcon_meta']
[0.133s] Level 1:colcon.colcon_core.package_identification:_identify(.) by extension 'colcon_meta'
[0.133s] Level 1:colcon.colcon_core.package_identification:_identify(.) by extensions ['ros']
[0.133s] Level 1:colcon.colcon_core.package_identification:_identify(.) by extension 'ros'
[0.150s] Level 1:colcon.colcon_core.package_identification:_identify(.) by extensions ['cmake', 'python']
[0.150s] Level 1:colcon.colcon_core.package_identification:_identify(.) by extension 'cmake'
[0.150s] Level 1:colcon.colcon_core.package_identification:_identify(.) by extension 'python'
[0.150s] Level 1:colcon.colcon_core.package_identification:_identify(.) by extensions ['python_setup_py']
[0.150s] Level 1:colcon.colcon_core.package_identification:_identify(.) by extension 'python_setup_py'
[0.150s] Level 1:colcon.colcon_core.package_identification:_identify(build) by extensions ['ignore', 'ignore_ament_install']
[0.150s] Level 1:colcon.colcon_core.package_identification:_identify(build) by extension 'ignore'
[0.150s] Level 1:colcon.colcon_core.package_identification:_identify(build) ignored
[0.150s] Level 1:colcon.colcon_core.package_identification:_identify(install) by extensions ['ignore', 'ignore_ament_install']
[0.150s] Level 1:colcon.colcon_core.package_identification:_identify(install) by extension 'ignore'
[0.150s] Level 1:colcon.colcon_core.package_identification:_identify(install) ignored
[0.151s] Level 1:colcon.colcon_core.package_identification:_identify(log) by extensions ['ignore', 'ignore_ament_install']
[0.151s] Level 1:colcon.colcon_core.package_identification:_identify(log) by extension 'ignore'
[0.151s] Level 1:colcon.colcon_core.package_identification:_identify(log) ignored
[0.151s] Level 1:colcon.colcon_core.package_identification:_identify(src) by extensions ['ignore', 'ignore_ament_install']
[0.151s] Level 1:colcon.colcon_core.package_identification:_identify(src) by extension 'ignore'
[0.151s] Level 1:colcon.colcon_core.package_identification:_identify(src) by extension 'ignore_ament_install'
[0.151s] Level 1:colcon.colcon_core.package_identification:_identify(src) by extensions ['colcon_pkg']
[0.151s] Level 1:colcon.colcon_core.package_identification:_identify(src) by extension 'colcon_pkg'
[0.151s] Level 1:colcon.colcon_core.package_identification:_identify(src) by extensions ['colcon_meta']
[0.151s] Level 1:colcon.colcon_core.package_identification:_identify(src) by extension 'colcon_meta'
[0.151s] Level 1:colcon.colcon_core.package_identification:_identify(src) by extensions ['ros']
[0.151s] Level 1:colcon.colcon_core.package_identification:_identify(src) by extension 'ros'
[0.151s] Level 1:colcon.colcon_core.package_identification:_identify(src) by extensions ['cmake', 'python']
[0.151s] Level 1:colcon.colcon_core.package_identification:_identify(src) by extension 'cmake'
[0.151s] Level 1:colcon.colcon_core.package_identification:_identify(src) by extension 'python'
[0.151s] Level 1:colcon.colcon_core.package_identification:_identify(src) by extensions ['python_setup_py']
[0.151s] Level 1:colcon.colcon_core.package_identification:_identify(src) by extension 'python_setup_py'
[0.151s] Level 1:colcon.colcon_core.package_identification:_identify(src/shopee_interfaces) by extensions ['ignore', 'ignore_ament_install']
[0.151s] Level 1:colcon.colcon_core.package_identification:_identify(src/shopee_interfaces) by extension 'ignore'
[0.151s] Level 1:colcon.colcon_core.package_identification:_identify(src/shopee_interfaces) by extension 'ignore_ament_install'
[0.151s] Level 1:colcon.colcon_core.package_identification:_identify(src/shopee_interfaces) by extensions ['colcon_pkg']
[0.151s] Level 1:colcon.colcon_core.package_identification:_identify(src/shopee_interfaces) by extension 'colcon_pkg'
[0.151s] Level 1:colcon.colcon_core.package_identification:_identify(src/shopee_interfaces) by extensions ['colcon_meta']
[0.151s] Level 1:colcon.colcon_core.package_identification:_identify(src/shopee_interfaces) by extension 'colcon_meta'
[0.151s] Level 1:colcon.colcon_core.package_identification:_identify(src/shopee_interfaces) by extensions ['ros']
[0.151s] Level 1:colcon.colcon_core.package_identification:_identify(src/shopee_interfaces) by extension 'ros'
[0.153s] DEBUG:colcon.colcon_core.package_identification:Package 'src/shopee_interfaces' with type 'ros.ament_cmake' and name 'shopee_interfaces'
[0.153s] Level 1:colcon.colcon_core.package_identification:_identify(src/shopee_main_service) by extensions ['ignore', 'ignore_ament_install']
[0.153s] Level 1:colcon.colcon_core.package_identification:_identify(src/shopee_main_service) by extension 'ignore'
[0.153s] Level 1:colcon.colcon_core.package_identification:_identify(src/shopee_main_service) by extension 'ignore_ament_install'
[0.153s] Level 1:colcon.colcon_core.package_identification:_identify(src/shopee_main_service) by extensions ['colcon_pkg']
[0.153s] Level 1:colcon.colcon_core.package_identification:_identify(src/shopee_main_service) by extension 'colcon_pkg'
[0.153s] Level 1:colcon.colcon_core.package_identification:_identify(src/shopee_main_service) by extensions ['colcon_meta']
[0.153s] Level 1:colcon.colcon_core.package_identification:_identify(src/shopee_main_service) by extension 'colcon_meta'
[0.153s] Level 1:colcon.colcon_core.package_identification:_identify(src/shopee_main_service) by extensions ['ros']
[0.153s] Level 1:colcon.colcon_core.package_identification:_identify(src/shopee_main_service) by extension 'ros'
[0.154s] DEBUG:colcon.colcon_core.package_identification:Package 'src/shopee_main_service' with type 'ros.ament_python' and name 'shopee_main_service'
[0.154s] Level 1:colcon.colcon_core.package_identification:_identify(src/shopee_packee_arm) by extensions ['ignore', 'ignore_ament_install']
[0.154s] Level 1:colcon.colcon_core.package_identification:_identify(src/shopee_packee_arm) by extension 'ignore'
[0.154s] Level 1:colcon.colcon_core.package_identification:_identify(src/shopee_packee_arm) by extension 'ignore_ament_install'
[0.154s] Level 1:colcon.colcon_core.package_identification:_identify(src/shopee_packee_arm) by extensions ['colcon_pkg']
[0.154s] Level 1:colcon.colcon_core.package_identification:_identify(src/shopee_packee_arm) by extension 'colcon_pkg'
[0.154s] Level 1:colcon.colcon_core.package_identification:_identify(src/shopee_packee_arm) by extensions ['colcon_meta']
[0.154s] Level 1:colcon.colcon_core.package_identification:_identify(src/shopee_packee_arm) by extension 'colcon_meta'
[0.154s] Level 1:colcon.colcon_core.package_identification:_identify(src/shopee_packee_arm) by extensions ['ros']
[0.154s] Level 1:colcon.colcon_core.package_identification:_identify(src/shopee_packee_arm) by extension 'ros'
[0.154s] Level 1:colcon.colcon_core.package_identification:_identify(src/shopee_packee_arm) by extensions ['cmake', 'python']
[0.154s] Level 1:colcon.colcon_core.package_identification:_identify(src/shopee_packee_arm) by extension 'cmake'
[0.154s] Level 1:colcon.colcon_core.package_identification:_identify(src/shopee_packee_arm) by extension 'python'
[0.154s] Level 1:colcon.colcon_core.package_identification:_identify(src/shopee_packee_arm) by extensions ['python_setup_py']
[0.154s] Level 1:colcon.colcon_core.package_identification:_identify(src/shopee_packee_arm) by extension 'python_setup_py'
[0.154s] Level 1:colcon.colcon_core.package_identification:_identify(src/shopee_packee_main) by extensions ['ignore', 'ignore_ament_install']
[0.154s] Level 1:colcon.colcon_core.package_identification:_identify(src/shopee_packee_main) by extension 'ignore'
[0.155s] Level 1:colcon.colcon_core.package_identification:_identify(src/shopee_packee_main) by extension 'ignore_ament_install'
[0.155s] Level 1:colcon.colcon_core.package_identification:_identify(src/shopee_packee_main) by extensions ['colcon_pkg']
[0.155s] Level 1:colcon.colcon_core.package_identification:_identify(src/shopee_packee_main) by extension 'colcon_pkg'
[0.155s] Level 1:colcon.colcon_core.package_identification:_identify(src/shopee_packee_main) by extensions ['colcon_meta']
[0.155s] Level 1:colcon.colcon_core.package_identification:_identify(src/shopee_packee_main) by extension 'colcon_meta'
[0.155s] Level 1:colcon.colcon_core.package_identification:_identify(src/shopee_packee_main) by extensions ['ros']
[0.155s] Level 1:colcon.colcon_core.package_identification:_identify(src/shopee_packee_main) by extension 'ros'
[0.155s] Level 1:colcon.colcon_core.package_identification:_identify(src/shopee_packee_main) by extensions ['cmake', 'python']
[0.155s] Level 1:colcon.colcon_core.package_identification:_identify(src/shopee_packee_main) by extension 'cmake'
[0.155s] Level 1:colcon.colcon_core.package_identification:_identify(src/shopee_packee_main) by extension 'python'
[0.155s] Level 1:colcon.colcon_core.package_identification:_identify(src/shopee_packee_main) by extensions ['python_setup_py']
[0.155s] Level 1:colcon.colcon_core.package_identification:_identify(src/shopee_packee_main) by extension 'python_setup_py'
[0.155s] Level 1:colcon.colcon_core.package_identification:_identify(src/shopee_packee_vision) by extensions ['ignore', 'ignore_ament_install']
[0.155s] Level 1:colcon.colcon_core.package_identification:_identify(src/shopee_packee_vision) by extension 'ignore'
[0.155s] Level 1:colcon.colcon_core.package_identification:_identify(src/shopee_packee_vision) by extension 'ignore_ament_install'
[0.155s] Level 1:colcon.colcon_core.package_identification:_identify(src/shopee_packee_vision) by extensions ['colcon_pkg']
[0.155s] Level 1:colcon.colcon_core.package_identification:_identify(src/shopee_packee_vision) by extension 'colcon_pkg'
[0.155s] Level 1:colcon.colcon_core.package_identification:_identify(src/shopee_packee_vision) by extensions ['colcon_meta']
[0.155s] Level 1:colcon.colcon_core.package_identification:_identify(src/shopee_packee_vision) by extension 'colcon_meta'
[0.155s] Level 1:colcon.colcon_core.package_identification:_identify(src/shopee_packee_vision) by extensions ['ros']
[0.155s] Level 1:colcon.colcon_core.package_identification:_identify(src/shopee_packee_vision) by extension 'ros'
[0.155s] Level 1:colcon.colcon_core.package_identification:_identify(src/shopee_packee_vision) by extensions ['cmake', 'python']
[0.155s] Level 1:colcon.colcon_core.package_identification:_identify(src/shopee_packee_vision) by extension 'cmake'
[0.155s] Level 1:colcon.colcon_core.package_identification:_identify(src/shopee_packee_vision) by extension 'python'
[0.155s] Level 1:colcon.colcon_core.package_identification:_identify(src/shopee_packee_vision) by extensions ['python_setup_py']
[0.155s] Level 1:colcon.colcon_core.package_identification:_identify(src/shopee_packee_vision) by extension 'python_setup_py'
[0.155s] Level 1:colcon.colcon_core.package_identification:_identify(src/shopee_pickee_arm) by extensions ['ignore', 'ignore_ament_install']
[0.155s] Level 1:colcon.colcon_core.package_identification:_identify(src/shopee_pickee_arm) by extension 'ignore'
[0.156s] Level 1:colcon.colcon_core.package_identification:_identify(src/shopee_pickee_arm) by extension 'ignore_ament_install'
[0.156s] Level 1:colcon.colcon_core.package_identification:_identify(src/shopee_pickee_arm) by extensions ['colcon_pkg']
[0.156s] Level 1:colcon.colcon_core.package_identification:_identify(src/shopee_pickee_arm) by extension 'colcon_pkg'
[0.156s] Level 1:colcon.colcon_core.package_identification:_identify(src/shopee_pickee_arm) by extensions ['colcon_meta']
[0.156s] Level 1:colcon.colcon_core.package_identification:_identify(src/shopee_pickee_arm) by extension 'colcon_meta'
[0.156s] Level 1:colcon.colcon_core.package_identification:_identify(src/shopee_pickee_arm) by extensions ['ros']
[0.156s] Level 1:colcon.colcon_core.package_identification:_identify(src/shopee_pickee_arm) by extension 'ros'
[0.156s] Level 1:colcon.colcon_core.package_identification:_identify(src/shopee_pickee_arm) by extensions ['cmake', 'python']
[0.156s] Level 1:colcon.colcon_core.package_identification:_identify(src/shopee_pickee_arm) by extension 'cmake'
[0.156s] Level 1:colcon.colcon_core.package_identification:_identify(src/shopee_pickee_arm) by extension 'python'
[0.156s] Level 1:colcon.colcon_core.package_identification:_identify(src/shopee_pickee_arm) by extensions ['python_setup_py']
[0.156s] Level 1:colcon.colcon_core.package_identification:_identify(src/shopee_pickee_arm) by extension 'python_setup_py'
[0.156s] Level 1:colcon.colcon_core.package_identification:_identify(src/shopee_pickee_main) by extensions ['ignore', 'ignore_ament_install']
[0.156s] Level 1:colcon.colcon_core.package_identification:_identify(src/shopee_pickee_main) by extension 'ignore'
[0.156s] Level 1:colcon.colcon_core.package_identification:_identify(src/shopee_pickee_main) by extension 'ignore_ament_install'
[0.156s] Level 1:colcon.colcon_core.package_identification:_identify(src/shopee_pickee_main) by extensions ['colcon_pkg']
[0.156s] Level 1:colcon.colcon_core.package_identification:_identify(src/shopee_pickee_main) by extension 'colcon_pkg'
[0.156s] Level 1:colcon.colcon_core.package_identification:_identify(src/shopee_pickee_main) by extensions ['colcon_meta']
[0.156s] Level 1:colcon.colcon_core.package_identification:_identify(src/shopee_pickee_main) by extension 'colcon_meta'
[0.156s] Level 1:colcon.colcon_core.package_identification:_identify(src/shopee_pickee_main) by extensions ['ros']
[0.156s] Level 1:colcon.colcon_core.package_identification:_identify(src/shopee_pickee_main) by extension 'ros'
[0.156s] Level 1:colcon.colcon_core.package_identification:_identify(src/shopee_pickee_main) by extensions ['cmake', 'python']
[0.156s] Level 1:colcon.colcon_core.package_identification:_identify(src/shopee_pickee_main) by extension 'cmake'
[0.156s] Level 1:colcon.colcon_core.package_identification:_identify(src/shopee_pickee_main) by extension 'python'
[0.156s] Level 1:colcon.colcon_core.package_identification:_identify(src/shopee_pickee_main) by extensions ['python_setup_py']
[0.156s] Level 1:colcon.colcon_core.package_identification:_identify(src/shopee_pickee_main) by extension 'python_setup_py'
[0.156s] Level 1:colcon.colcon_core.package_identification:_identify(src/shopee_pickee_mobile) by extensions ['ignore', 'ignore_ament_install']
[0.156s] Level 1:colcon.colcon_core.package_identification:_identify(src/shopee_pickee_mobile) by extension 'ignore'
[0.156s] Level 1:colcon.colcon_core.package_identification:_identify(src/shopee_pickee_mobile) by extension 'ignore_ament_install'
[0.157s] Level 1:colcon.colcon_core.package_identification:_identify(src/shopee_pickee_mobile) by extensions ['colcon_pkg']
[0.157s] Level 1:colcon.colcon_core.package_identification:_identify(src/shopee_pickee_mobile) by extension 'colcon_pkg'
[0.157s] Level 1:colcon.colcon_core.package_identification:_identify(src/shopee_pickee_mobile) by extensions ['colcon_meta']
[0.157s] Level 1:colcon.colcon_core.package_identification:_identify(src/shopee_pickee_mobile) by extension 'colcon_meta'
[0.157s] Level 1:colcon.colcon_core.package_identification:_identify(src/shopee_pickee_mobile) by extensions ['ros']
[0.157s] Level 1:colcon.colcon_core.package_identification:_identify(src/shopee_pickee_mobile) by extension 'ros'
[0.157s] Level 1:colcon.colcon_core.package_identification:_identify(src/shopee_pickee_mobile) by extensions ['cmake', 'python']
[0.157s] Level 1:colcon.colcon_core.package_identification:_identify(src/shopee_pickee_mobile) by extension 'cmake'
[0.157s] Level 1:colcon.colcon_core.package_identification:_identify(src/shopee_pickee_mobile) by extension 'python'
[0.157s] Level 1:colcon.colcon_core.package_identification:_identify(src/shopee_pickee_mobile) by extensions ['python_setup_py']
[0.157s] Level 1:colcon.colcon_core.package_identification:_identify(src/shopee_pickee_mobile) by extension 'python_setup_py'
[0.157s] Level 1:colcon.colcon_core.package_identification:_identify(src/shopee_pickee_vision) by extensions ['ignore', 'ignore_ament_install']
[0.157s] Level 1:colcon.colcon_core.package_identification:_identify(src/shopee_pickee_vision) by extension 'ignore'
[0.157s] Level 1:colcon.colcon_core.package_identification:_identify(src/shopee_pickee_vision) by extension 'ignore_ament_install'
[0.157s] Level 1:colcon.colcon_core.package_identification:_identify(src/shopee_pickee_vision) by extensions ['colcon_pkg']
[0.157s] Level 1:colcon.colcon_core.package_identification:_identify(src/shopee_pickee_vision) by extension 'colcon_pkg'
[0.157s] Level 1:colcon.colcon_core.package_identification:_identify(src/shopee_pickee_vision) by extensions ['colcon_meta']
[0.157s] Level 1:colcon.colcon_core.package_identification:_identify(src/shopee_pickee_vision) by extension 'colcon_meta'
[0.157s] Level 1:colcon.colcon_core.package_identification:_identify(src/shopee_pickee_vision) by extensions ['ros']
[0.157s] Level 1:colcon.colcon_core.package_identification:_identify(src/shopee_pickee_vision) by extension 'ros'
[0.157s] Level 1:colcon.colcon_core.package_identification:_identify(src/shopee_pickee_vision) by extensions ['cmake', 'python']
[0.157s] Level 1:colcon.colcon_core.package_identification:_identify(src/shopee_pickee_vision) by extension 'cmake'
[0.157s] Level 1:colcon.colcon_core.package_identification:_identify(src/shopee_pickee_vision) by extension 'python'
[0.157s] Level 1:colcon.colcon_core.package_identification:_identify(src/shopee_pickee_vision) by extensions ['python_setup_py']
[0.157s] Level 1:colcon.colcon_core.package_identification:_identify(src/shopee_pickee_vision) by extension 'python_setup_py'
[0.157s] Level 1:colcon.colcon_core.package_discovery:discover_packages(recursive) using defaults
[0.157s] Level 1:colcon.colcon_core.package_discovery:discover_packages(ignore) discover
[0.157s] Level 1:colcon.colcon_core.package_discovery:discover_packages(ignore) using defaults
[0.157s] Level 1:colcon.colcon_core.package_discovery:discover_packages(path) discover
[0.157s] Level 1:colcon.colcon_core.package_discovery:discover_packages(path) using defaults
[0.170s] Level 1:colcon.colcon_core.package_discovery:discover_packages(prefix_path) check parameters
[0.170s] Level 1:colcon.colcon_core.package_discovery:discover_packages(prefix_path) discover
[0.173s] DEBUG:colcon.colcon_installed_package_information.package_discovery:Found 490 installed packages in /opt/ros/jazzy
[0.174s] Level 1:colcon.colcon_core.package_discovery:discover_packages(prefix_path) using defaults
[0.230s] Level 5:colcon.colcon_core.verb:set package 'shopee_interfaces' build argument 'cmake_args' from command line to 'None'
[0.230s] Level 5:colcon.colcon_core.verb:set package 'shopee_interfaces' build argument 'cmake_target' from command line to 'None'
[0.231s] Level 5:colcon.colcon_core.verb:set package 'shopee_interfaces' build argument 'cmake_target_skip_unavailable' from command line to 'False'
[0.231s] Level 5:colcon.colcon_core.verb:set package 'shopee_interfaces' build argument 'cmake_clean_cache' from command line to 'False'
[0.231s] Level 5:colcon.colcon_core.verb:set package 'shopee_interfaces' build argument 'cmake_clean_first' from command line to 'False'
[0.231s] Level 5:colcon.colcon_core.verb:set package 'shopee_interfaces' build argument 'cmake_force_configure' from command line to 'False'
[0.231s] Level 5:colcon.colcon_core.verb:set package 'shopee_interfaces' build argument 'ament_cmake_args' from command line to 'None'
[0.231s] Level 5:colcon.colcon_core.verb:set package 'shopee_interfaces' build argument 'catkin_cmake_args' from command line to 'None'
[0.231s] Level 5:colcon.colcon_core.verb:set package 'shopee_interfaces' build argument 'catkin_skip_building_tests' from command line to 'False'
[0.231s] DEBUG:colcon.colcon_core.verb:Building package 'shopee_interfaces' with the following arguments: {'ament_cmake_args': None, 'build_base': '/home/jinhyuk2me/dev_ws/Shopee/ros2_ws/build/shopee_interfaces', 'catkin_cmake_args': None, 'catkin_skip_building_tests': False, 'cmake_args': None, 'cmake_clean_cache': False, 'cmake_clean_first': False, 'cmake_force_configure': False, 'cmake_target': None, 'cmake_target_skip_unavailable': False, 'install_base': '/home/jinhyuk2me/dev_ws/Shopee/ros2_ws/install/shopee_interfaces', 'merge_install': False, 'path': '/home/jinhyuk2me/dev_ws/Shopee/ros2_ws/src/shopee_interfaces', 'symlink_install': False, 'test_result_base': None}
[0.231s] Level 5:colcon.colcon_core.verb:set package 'shopee_main_service' build argument 'cmake_args' from command line to 'None'
[0.231s] Level 5:colcon.colcon_core.verb:set package 'shopee_main_service' build argument 'cmake_target' from command line to 'None'
[0.231s] Level 5:colcon.colcon_core.verb:set package 'shopee_main_service' build argument 'cmake_target_skip_unavailable' from command line to 'False'
[0.231s] Level 5:colcon.colcon_core.verb:set package 'shopee_main_service' build argument 'cmake_clean_cache' from command line to 'False'
[0.231s] Level 5:colcon.colcon_core.verb:set package 'shopee_main_service' build argument 'cmake_clean_first' from command line to 'False'
[0.231s] Level 5:colcon.colcon_core.verb:set package 'shopee_main_service' build argument 'cmake_force_configure' from command line to 'False'
[0.231s] Level 5:colcon.colcon_core.verb:set package 'shopee_main_service' build argument 'ament_cmake_args' from command line to 'None'
[0.231s] Level 5:colcon.colcon_core.verb:set package 'shopee_main_service' build argument 'catkin_cmake_args' from command line to 'None'
[0.231s] Level 5:colcon.colcon_core.verb:set package 'shopee_main_service' build argument 'catkin_skip_building_tests' from command line to 'False'
[0.231s] DEBUG:colcon.colcon_core.verb:Building package 'shopee_main_service' with the following arguments: {'ament_cmake_args': None, 'build_base': '/home/jinhyuk2me/dev_ws/Shopee/ros2_ws/build/shopee_main_service', 'catkin_cmake_args': None, 'catkin_skip_building_tests': False, 'cmake_args': None, 'cmake_clean_cache': False, 'cmake_clean_first': False, 'cmake_force_configure': False, 'cmake_target': None, 'cmake_target_skip_unavailable': False, 'install_base': '/home/jinhyuk2me/dev_ws/Shopee/ros2_ws/install/shopee_main_service', 'merge_install': False, 'path': '/home/jinhyuk2me/dev_ws/Shopee/ros2_ws/src/shopee_main_service', 'symlink_install': False, 'test_result_base': None}
[0.231s] INFO:colcon.colcon_core.executor:Executing jobs using 'parallel' executor
[0.232s] DEBUG:colcon.colcon_parallel_executor.executor.parallel:run_until_complete
[0.232s] INFO:colcon.colcon_ros.task.ament_cmake.build:Building ROS package in '/home/jinhyuk2me/dev_ws/Shopee/ros2_ws/src/shopee_interfaces' with build type 'ament_cmake'
[0.232s] INFO:colcon.colcon_cmake.task.cmake.build:Building CMake package in '/home/jinhyuk2me/dev_ws/Shopee/ros2_ws/src/shopee_interfaces'
[0.233s] INFO:colcon.colcon_core.plugin_system:Skipping extension 'colcon_core.shell.bat': Not used on non-Windows systems
[0.233s] INFO:colcon.colcon_core.shell:Skip shell extension 'powershell' for command environment: Not usable outside of PowerShell
[0.233s] DEBUG:colcon.colcon_core.shell:Skip shell extension 'dsv' for command environment
[0.240s] DEBUG:colcon.colcon_core.event_handler.log_command:Invoking command in '/home/jinhyuk2me/dev_ws/Shopee/ros2_ws/build/shopee_interfaces': CMAKE_PREFIX_PATH=${CMAKE_PREFIX_PATH}:/opt/ros/jazzy DEBUGINFOD_URLS=https://debuginfod.ubuntu.com VIRTUAL_ENV_PROMPT=(ros_venv) /usr/bin/cmake /home/jinhyuk2me/dev_ws/Shopee/ros2_ws/src/shopee_interfaces -DCMAKE_INSTALL_PREFIX=/home/jinhyuk2me/dev_ws/Shopee/ros2_ws/install/shopee_interfaces
[3.952s] DEBUG:colcon.colcon_core.event_handler.log_command:Invoked command in '/home/jinhyuk2me/dev_ws/Shopee/ros2_ws/build/shopee_interfaces' returned '0': CMAKE_PREFIX_PATH=${CMAKE_PREFIX_PATH}:/opt/ros/jazzy DEBUGINFOD_URLS=https://debuginfod.ubuntu.com VIRTUAL_ENV_PROMPT=(ros_venv) /usr/bin/cmake /home/jinhyuk2me/dev_ws/Shopee/ros2_ws/src/shopee_interfaces -DCMAKE_INSTALL_PREFIX=/home/jinhyuk2me/dev_ws/Shopee/ros2_ws/install/shopee_interfaces
[3.953s] DEBUG:colcon.colcon_core.event_handler.log_command:Invoking command in '/home/jinhyuk2me/dev_ws/Shopee/ros2_ws/build/shopee_interfaces': CMAKE_PREFIX_PATH=${CMAKE_PREFIX_PATH}:/opt/ros/jazzy DEBUGINFOD_URLS=https://debuginfod.ubuntu.com VIRTUAL_ENV_PROMPT=(ros_venv) /usr/bin/cmake --build /home/jinhyuk2me/dev_ws/Shopee/ros2_ws/build/shopee_interfaces -- -j12 -l12
[39.454s] DEBUG:colcon.colcon_core.event_handler.log_command:Invoked command in '/home/jinhyuk2me/dev_ws/Shopee/ros2_ws/build/shopee_interfaces' returned '0': CMAKE_PREFIX_PATH=${CMAKE_PREFIX_PATH}:/opt/ros/jazzy DEBUGINFOD_URLS=https://debuginfod.ubuntu.com VIRTUAL_ENV_PROMPT=(ros_venv) /usr/bin/cmake --build /home/jinhyuk2me/dev_ws/Shopee/ros2_ws/build/shopee_interfaces -- -j12 -l12
[39.463s] DEBUG:colcon.colcon_core.event_handler.log_command:Invoking command in '/home/jinhyuk2me/dev_ws/Shopee/ros2_ws/build/shopee_interfaces': CMAKE_PREFIX_PATH=${CMAKE_PREFIX_PATH}:/opt/ros/jazzy DEBUGINFOD_URLS=https://debuginfod.ubuntu.com VIRTUAL_ENV_PROMPT=(ros_venv) /usr/bin/cmake --install /home/jinhyuk2me/dev_ws/Shopee/ros2_ws/build/shopee_interfaces
[39.842s] Level 1:colcon.colcon_core.environment:create_environment_scripts_only(shopee_interfaces)
[39.843s] DEBUG:colcon.colcon_core.event_handler.log_command:Invoked command in '/home/jinhyuk2me/dev_ws/Shopee/ros2_ws/build/shopee_interfaces' returned '0': CMAKE_PREFIX_PATH=${CMAKE_PREFIX_PATH}:/opt/ros/jazzy DEBUGINFOD_URLS=https://debuginfod.ubuntu.com VIRTUAL_ENV_PROMPT=(ros_venv) /usr/bin/cmake --install /home/jinhyuk2me/dev_ws/Shopee/ros2_ws/build/shopee_interfaces
[39.846s] Level 1:colcon.colcon_core.environment:checking '/home/jinhyuk2me/dev_ws/Shopee/ros2_ws/install/shopee_interfaces' for CMake module files
[39.847s] Level 1:colcon.colcon_core.environment:checking '/home/jinhyuk2me/dev_ws/Shopee/ros2_ws/install/shopee_interfaces' for CMake config files
[39.847s] Level 1:colcon.colcon_core.shell:create_environment_hook('shopee_interfaces', 'cmake_prefix_path')
[39.847s] INFO:colcon.colcon_core.shell:Creating environment hook '/home/jinhyuk2me/dev_ws/Shopee/ros2_ws/install/shopee_interfaces/share/shopee_interfaces/hook/cmake_prefix_path.ps1'
[39.848s] INFO:colcon.colcon_core.shell:Creating environment descriptor '/home/jinhyuk2me/dev_ws/Shopee/ros2_ws/install/shopee_interfaces/share/shopee_interfaces/hook/cmake_prefix_path.dsv'
[39.848s] INFO:colcon.colcon_core.shell:Creating environment hook '/home/jinhyuk2me/dev_ws/Shopee/ros2_ws/install/shopee_interfaces/share/shopee_interfaces/hook/cmake_prefix_path.sh'
[39.849s] Level 1:colcon.colcon_core.environment:checking '/home/jinhyuk2me/dev_ws/Shopee/ros2_ws/install/shopee_interfaces/lib'
[39.849s] Level 1:colcon.colcon_core.shell:create_environment_hook('shopee_interfaces', 'ld_library_path_lib')
[39.849s] INFO:colcon.colcon_core.shell:Creating environment hook '/home/jinhyuk2me/dev_ws/Shopee/ros2_ws/install/shopee_interfaces/share/shopee_interfaces/hook/ld_library_path_lib.ps1'
[39.849s] INFO:colcon.colcon_core.shell:Creating environment descriptor '/home/jinhyuk2me/dev_ws/Shopee/ros2_ws/install/shopee_interfaces/share/shopee_interfaces/hook/ld_library_path_lib.dsv'
[39.850s] INFO:colcon.colcon_core.shell:Creating environment hook '/home/jinhyuk2me/dev_ws/Shopee/ros2_ws/install/shopee_interfaces/share/shopee_interfaces/hook/ld_library_path_lib.sh'
[39.850s] Level 1:colcon.colcon_core.environment:checking '/home/jinhyuk2me/dev_ws/Shopee/ros2_ws/install/shopee_interfaces/bin'
[39.850s] Level 1:colcon.colcon_core.environment:checking '/home/jinhyuk2me/dev_ws/Shopee/ros2_ws/install/shopee_interfaces/lib/pkgconfig/shopee_interfaces.pc'
[39.850s] Level 1:colcon.colcon_core.environment:checking '/home/jinhyuk2me/dev_ws/Shopee/ros2_ws/install/shopee_interfaces/lib/python3.12/site-packages'
[39.850s] Level 1:colcon.colcon_core.shell:create_environment_hook('shopee_interfaces', 'pythonpath')
[39.850s] INFO:colcon.colcon_core.shell:Creating environment hook '/home/jinhyuk2me/dev_ws/Shopee/ros2_ws/install/shopee_interfaces/share/shopee_interfaces/hook/pythonpath.ps1'
[39.850s] INFO:colcon.colcon_core.shell:Creating environment descriptor '/home/jinhyuk2me/dev_ws/Shopee/ros2_ws/install/shopee_interfaces/share/shopee_interfaces/hook/pythonpath.dsv'
[39.851s] INFO:colcon.colcon_core.shell:Creating environment hook '/home/jinhyuk2me/dev_ws/Shopee/ros2_ws/install/shopee_interfaces/share/shopee_interfaces/hook/pythonpath.sh'
[39.851s] Level 1:colcon.colcon_core.environment:checking '/home/jinhyuk2me/dev_ws/Shopee/ros2_ws/install/shopee_interfaces/bin'
[39.851s] INFO:colcon.colcon_core.shell:Creating package script '/home/jinhyuk2me/dev_ws/Shopee/ros2_ws/install/shopee_interfaces/share/shopee_interfaces/package.ps1'
[39.852s] INFO:colcon.colcon_core.shell:Creating package descriptor '/home/jinhyuk2me/dev_ws/Shopee/ros2_ws/install/shopee_interfaces/share/shopee_interfaces/package.dsv'
[39.852s] INFO:colcon.colcon_core.shell:Creating package script '/home/jinhyuk2me/dev_ws/Shopee/ros2_ws/install/shopee_interfaces/share/shopee_interfaces/package.sh'
[39.853s] INFO:colcon.colcon_core.shell:Creating package script '/home/jinhyuk2me/dev_ws/Shopee/ros2_ws/install/shopee_interfaces/share/shopee_interfaces/package.bash'
[39.853s] INFO:colcon.colcon_core.shell:Creating package script '/home/jinhyuk2me/dev_ws/Shopee/ros2_ws/install/shopee_interfaces/share/shopee_interfaces/package.zsh'
[39.854s] Level 1:colcon.colcon_core.environment:create_file_with_runtime_dependencies(/home/jinhyuk2me/dev_ws/Shopee/ros2_ws/install/shopee_interfaces/share/colcon-core/packages/shopee_interfaces)
[39.854s] Level 1:colcon.colcon_core.environment:create_environment_scripts_only(shopee_interfaces)
[39.854s] Level 1:colcon.colcon_core.environment:checking '/home/jinhyuk2me/dev_ws/Shopee/ros2_ws/install/shopee_interfaces' for CMake module files
[39.855s] Level 1:colcon.colcon_core.environment:checking '/home/jinhyuk2me/dev_ws/Shopee/ros2_ws/install/shopee_interfaces' for CMake config files
[39.855s] Level 1:colcon.colcon_core.shell:create_environment_hook('shopee_interfaces', 'cmake_prefix_path')
[39.855s] INFO:colcon.colcon_core.shell:Creating environment hook '/home/jinhyuk2me/dev_ws/Shopee/ros2_ws/install/shopee_interfaces/share/shopee_interfaces/hook/cmake_prefix_path.ps1'
[39.856s] INFO:colcon.colcon_core.shell:Creating environment descriptor '/home/jinhyuk2me/dev_ws/Shopee/ros2_ws/install/shopee_interfaces/share/shopee_interfaces/hook/cmake_prefix_path.dsv'
[39.856s] INFO:colcon.colcon_core.shell:Creating environment hook '/home/jinhyuk2me/dev_ws/Shopee/ros2_ws/install/shopee_interfaces/share/shopee_interfaces/hook/cmake_prefix_path.sh'
[39.856s] Level 1:colcon.colcon_core.environment:checking '/home/jinhyuk2me/dev_ws/Shopee/ros2_ws/install/shopee_interfaces/lib'
[39.856s] Level 1:colcon.colcon_core.shell:create_environment_hook('shopee_interfaces', 'ld_library_path_lib')
[39.857s] INFO:colcon.colcon_core.shell:Creating environment hook '/home/jinhyuk2me/dev_ws/Shopee/ros2_ws/install/shopee_interfaces/share/shopee_interfaces/hook/ld_library_path_lib.ps1'
[39.857s] INFO:colcon.colcon_core.shell:Creating environment descriptor '/home/jinhyuk2me/dev_ws/Shopee/ros2_ws/install/shopee_interfaces/share/shopee_interfaces/hook/ld_library_path_lib.dsv'
[39.857s] INFO:colcon.colcon_core.shell:Creating environment hook '/home/jinhyuk2me/dev_ws/Shopee/ros2_ws/install/shopee_interfaces/share/shopee_interfaces/hook/ld_library_path_lib.sh'
[39.857s] Level 1:colcon.colcon_core.environment:checking '/home/jinhyuk2me/dev_ws/Shopee/ros2_ws/install/shopee_interfaces/bin'
[39.857s] Level 1:colcon.colcon_core.environment:checking '/home/jinhyuk2me/dev_ws/Shopee/ros2_ws/install/shopee_interfaces/lib/pkgconfig/shopee_interfaces.pc'
[39.857s] Level 1:colcon.colcon_core.environment:checking '/home/jinhyuk2me/dev_ws/Shopee/ros2_ws/install/shopee_interfaces/lib/python3.12/site-packages'
[39.858s] Level 1:colcon.colcon_core.shell:create_environment_hook('shopee_interfaces', 'pythonpath')
[39.858s] INFO:colcon.colcon_core.shell:Creating environment hook '/home/jinhyuk2me/dev_ws/Shopee/ros2_ws/install/shopee_interfaces/share/shopee_interfaces/hook/pythonpath.ps1'
[39.858s] INFO:colcon.colcon_core.shell:Creating environment descriptor '/home/jinhyuk2me/dev_ws/Shopee/ros2_ws/install/shopee_interfaces/share/shopee_interfaces/hook/pythonpath.dsv'
[39.858s] INFO:colcon.colcon_core.shell:Creating environment hook '/home/jinhyuk2me/dev_ws/Shopee/ros2_ws/install/shopee_interfaces/share/shopee_interfaces/hook/pythonpath.sh'
[39.858s] Level 1:colcon.colcon_core.environment:checking '/home/jinhyuk2me/dev_ws/Shopee/ros2_ws/install/shopee_interfaces/bin'
[39.859s] INFO:colcon.colcon_core.shell:Creating package script '/home/jinhyuk2me/dev_ws/Shopee/ros2_ws/install/shopee_interfaces/share/shopee_interfaces/package.ps1'
[39.859s] INFO:colcon.colcon_core.shell:Creating package descriptor '/home/jinhyuk2me/dev_ws/Shopee/ros2_ws/install/shopee_interfaces/share/shopee_interfaces/package.dsv'
[39.859s] INFO:colcon.colcon_core.shell:Creating package script '/home/jinhyuk2me/dev_ws/Shopee/ros2_ws/install/shopee_interfaces/share/shopee_interfaces/package.sh'
[39.860s] INFO:colcon.colcon_core.shell:Creating package script '/home/jinhyuk2me/dev_ws/Shopee/ros2_ws/install/shopee_interfaces/share/shopee_interfaces/package.bash'
[39.860s] INFO:colcon.colcon_core.shell:Creating package script '/home/jinhyuk2me/dev_ws/Shopee/ros2_ws/install/shopee_interfaces/share/shopee_interfaces/package.zsh'
[39.860s] Level 1:colcon.colcon_core.environment:create_file_with_runtime_dependencies(/home/jinhyuk2me/dev_ws/Shopee/ros2_ws/install/shopee_interfaces/share/colcon-core/packages/shopee_interfaces)
[39.860s] INFO:colcon.colcon_ros.task.ament_python.build:Building ROS package in '/home/jinhyuk2me/dev_ws/Shopee/ros2_ws/src/shopee_main_service' with build type 'ament_python'
[39.861s] Level 1:colcon.colcon_core.shell:create_environment_hook('shopee_main_service', 'ament_prefix_path')
[39.861s] INFO:colcon.colcon_core.shell:Creating environment hook '/home/jinhyuk2me/dev_ws/Shopee/ros2_ws/install/shopee_main_service/share/shopee_main_service/hook/ament_prefix_path.ps1'
[39.861s] INFO:colcon.colcon_core.shell:Creating environment descriptor '/home/jinhyuk2me/dev_ws/Shopee/ros2_ws/install/shopee_main_service/share/shopee_main_service/hook/ament_prefix_path.dsv'
[39.862s] INFO:colcon.colcon_core.shell:Creating environment hook '/home/jinhyuk2me/dev_ws/Shopee/ros2_ws/install/shopee_main_service/share/shopee_main_service/hook/ament_prefix_path.sh'
[39.862s] INFO:colcon.colcon_core.shell:Skip shell extension 'powershell' for command environment: Not usable outside of PowerShell
[39.862s] DEBUG:colcon.colcon_core.shell:Skip shell extension 'dsv' for command environment
[40.080s] INFO:colcon.colcon_core.task.python.build:Building Python package in '/home/jinhyuk2me/dev_ws/Shopee/ros2_ws/src/shopee_main_service'
[40.080s] INFO:colcon.colcon_core.shell:Skip shell extension 'powershell' for command environment: Not usable outside of PowerShell
[40.080s] DEBUG:colcon.colcon_core.shell:Skip shell extension 'dsv' for command environment
[40.826s] DEBUG:colcon.colcon_core.event_handler.log_command:Invoking command in '/home/jinhyuk2me/dev_ws/Shopee/ros2_ws/src/shopee_main_service': AMENT_PREFIX_PATH=/home/jinhyuk2me/dev_ws/Shopee/ros2_ws/install/shopee_interfaces:${AMENT_PREFIX_PATH} CMAKE_PREFIX_PATH=/home/jinhyuk2me/dev_ws/Shopee/ros2_ws/install/shopee_interfaces:${CMAKE_PREFIX_PATH} DEBUGINFOD_URLS=https://debuginfod.ubuntu.com LD_LIBRARY_PATH=/home/jinhyuk2me/dev_ws/Shopee/ros2_ws/install/shopee_interfaces/lib:${LD_LIBRARY_PATH} PYTHONPATH=/home/jinhyuk2me/dev_ws/Shopee/ros2_ws/build/shopee_main_service/prefix_override:/usr/lib/python3/dist-packages/colcon_core/task/python/colcon_distutils_commands:/home/jinhyuk2me/dev_ws/Shopee/ros2_ws/install/shopee_main_service/lib/python3.12/site-packages:/home/jinhyuk2me/dev_ws/Shopee/ros2_ws/install/shopee_interfaces/lib/python3.12/site-packages:${PYTHONPATH} VIRTUAL_ENV_PROMPT=(ros_venv) /usr/bin/python3 -W ignore:setup.py install is deprecated -W ignore:easy_install command is deprecated setup.py egg_info --egg-base ../../build/shopee_main_service build --build-base /home/jinhyuk2me/dev_ws/Shopee/ros2_ws/build/shopee_main_service/build install --record /home/jinhyuk2me/dev_ws/Shopee/ros2_ws/build/shopee_main_service/install.log --single-version-externally-managed install_data
[41.483s] Level 1:colcon.colcon_core.environment:checking '/home/jinhyuk2me/dev_ws/Shopee/ros2_ws/install/shopee_main_service' for CMake module files
[41.484s] DEBUG:colcon.colcon_core.event_handler.log_command:Invoked command in '/home/jinhyuk2me/dev_ws/Shopee/ros2_ws/src/shopee_main_service' returned '0': AMENT_PREFIX_PATH=/home/jinhyuk2me/dev_ws/Shopee/ros2_ws/install/shopee_interfaces:${AMENT_PREFIX_PATH} CMAKE_PREFIX_PATH=/home/jinhyuk2me/dev_ws/Shopee/ros2_ws/install/shopee_interfaces:${CMAKE_PREFIX_PATH} DEBUGINFOD_URLS=https://debuginfod.ubuntu.com LD_LIBRARY_PATH=/home/jinhyuk2me/dev_ws/Shopee/ros2_ws/install/shopee_interfaces/lib:${LD_LIBRARY_PATH} PYTHONPATH=/home/jinhyuk2me/dev_ws/Shopee/ros2_ws/build/shopee_main_service/prefix_override:/usr/lib/python3/dist-packages/colcon_core/task/python/colcon_distutils_commands:/home/jinhyuk2me/dev_ws/Shopee/ros2_ws/install/shopee_main_service/lib/python3.12/site-packages:/home/jinhyuk2me/dev_ws/Shopee/ros2_ws/install/shopee_interfaces/lib/python3.12/site-packages:${PYTHONPATH} VIRTUAL_ENV_PROMPT=(ros_venv) /usr/bin/python3 -W ignore:setup.py install is deprecated -W ignore:easy_install command is deprecated setup.py egg_info --egg-base ../../build/shopee_main_service build --build-base /home/jinhyuk2me/dev_ws/Shopee/ros2_ws/build/shopee_main_service/build install --record /home/jinhyuk2me/dev_ws/Shopee/ros2_ws/build/shopee_main_service/install.log --single-version-externally-managed install_data
[41.484s] Level 1:colcon.colcon_core.environment:checking '/home/jinhyuk2me/dev_ws/Shopee/ros2_ws/install/shopee_main_service' for CMake config files
[41.484s] Level 1:colcon.colcon_core.environment:checking '/home/jinhyuk2me/dev_ws/Shopee/ros2_ws/install/shopee_main_service/lib'
[41.484s] Level 1:colcon.colcon_core.environment:checking '/home/jinhyuk2me/dev_ws/Shopee/ros2_ws/install/shopee_main_service/bin'
[41.484s] Level 1:colcon.colcon_core.environment:checking '/home/jinhyuk2me/dev_ws/Shopee/ros2_ws/install/shopee_main_service/lib/pkgconfig/shopee_main_service.pc'
[41.484s] Level 1:colcon.colcon_core.environment:checking '/home/jinhyuk2me/dev_ws/Shopee/ros2_ws/install/shopee_main_service/lib/python3.12/site-packages'
[41.485s] Level 1:colcon.colcon_core.shell:create_environment_hook('shopee_main_service', 'pythonpath')
[41.485s] INFO:colcon.colcon_core.shell:Creating environment hook '/home/jinhyuk2me/dev_ws/Shopee/ros2_ws/install/shopee_main_service/share/shopee_main_service/hook/pythonpath.ps1'
[41.485s] INFO:colcon.colcon_core.shell:Creating environment descriptor '/home/jinhyuk2me/dev_ws/Shopee/ros2_ws/install/shopee_main_service/share/shopee_main_service/hook/pythonpath.dsv'
[41.485s] INFO:colcon.colcon_core.shell:Creating environment hook '/home/jinhyuk2me/dev_ws/Shopee/ros2_ws/install/shopee_main_service/share/shopee_main_service/hook/pythonpath.sh'
[41.486s] Level 1:colcon.colcon_core.environment:checking '/home/jinhyuk2me/dev_ws/Shopee/ros2_ws/install/shopee_main_service/bin'
[41.486s] Level 1:colcon.colcon_core.environment:create_environment_scripts_only(shopee_main_service)
[41.486s] INFO:colcon.colcon_core.shell:Creating package script '/home/jinhyuk2me/dev_ws/Shopee/ros2_ws/install/shopee_main_service/share/shopee_main_service/package.ps1'
[41.486s] INFO:colcon.colcon_core.shell:Creating package descriptor '/home/jinhyuk2me/dev_ws/Shopee/ros2_ws/install/shopee_main_service/share/shopee_main_service/package.dsv'
[41.486s] INFO:colcon.colcon_core.shell:Creating package script '/home/jinhyuk2me/dev_ws/Shopee/ros2_ws/install/shopee_main_service/share/shopee_main_service/package.sh'
[41.487s] INFO:colcon.colcon_core.shell:Creating package script '/home/jinhyuk2me/dev_ws/Shopee/ros2_ws/install/shopee_main_service/share/shopee_main_service/package.bash'
[41.487s] INFO:colcon.colcon_core.shell:Creating package script '/home/jinhyuk2me/dev_ws/Shopee/ros2_ws/install/shopee_main_service/share/shopee_main_service/package.zsh'
[41.487s] Level 1:colcon.colcon_core.environment:create_file_with_runtime_dependencies(/home/jinhyuk2me/dev_ws/Shopee/ros2_ws/install/shopee_main_service/share/colcon-core/packages/shopee_main_service)
[41.487s] DEBUG:colcon.colcon_parallel_executor.executor.parallel:closing loop
[41.488s] DEBUG:colcon.colcon_parallel_executor.executor.parallel:loop closed
[41.488s] DEBUG:colcon.colcon_parallel_executor.executor.parallel:run_until_complete finished with '0'
[41.488s] DEBUG:colcon.colcon_core.event_reactor:joining thread
[41.492s] INFO:colcon.colcon_core.plugin_system:Skipping extension 'colcon_notification.desktop_notification.terminal_notifier': Not used on non-Darwin systems
[41.492s] INFO:colcon.colcon_core.plugin_system:Skipping extension 'colcon_notification.desktop_notification.win32': Not used on non-Windows systems
[41.492s] INFO:colcon.colcon_notification.desktop_notification:Sending desktop notification using 'notify2'
[41.514s] DEBUG:colcon.colcon_core.event_reactor:joined thread
[41.514s] INFO:colcon.colcon_core.shell:Creating prefix script '/home/jinhyuk2me/dev_ws/Shopee/ros2_ws/install/local_setup.ps1'
[41.516s] INFO:colcon.colcon_core.shell:Creating prefix util module '/home/jinhyuk2me/dev_ws/Shopee/ros2_ws/install/_local_setup_util_ps1.py'
[41.517s] INFO:colcon.colcon_core.shell:Creating prefix chain script '/home/jinhyuk2me/dev_ws/Shopee/ros2_ws/install/setup.ps1'
[41.517s] INFO:colcon.colcon_core.shell:Creating prefix script '/home/jinhyuk2me/dev_ws/Shopee/ros2_ws/install/local_setup.sh'
[41.518s] INFO:colcon.colcon_core.shell:Creating prefix util module '/home/jinhyuk2me/dev_ws/Shopee/ros2_ws/install/_local_setup_util_sh.py'
[41.518s] INFO:colcon.colcon_core.shell:Creating prefix chain script '/home/jinhyuk2me/dev_ws/Shopee/ros2_ws/install/setup.sh'
[41.519s] INFO:colcon.colcon_core.shell:Creating prefix script '/home/jinhyuk2me/dev_ws/Shopee/ros2_ws/install/local_setup.bash'
[41.519s] INFO:colcon.colcon_core.shell:Creating prefix chain script '/home/jinhyuk2me/dev_ws/Shopee/ros2_ws/install/setup.bash'
[41.520s] INFO:colcon.colcon_core.shell:Creating prefix script '/home/jinhyuk2me/dev_ws/Shopee/ros2_ws/install/local_setup.zsh'
[41.520s] INFO:colcon.colcon_core.shell:Creating prefix chain script '/home/jinhyuk2me/dev_ws/Shopee/ros2_ws/install/setup.zsh'
