[0.888s] Invoking command in '/home/jinhyuk2me/dev_ws/Shopee/ros2_ws/src/shopee_main_service': AMENT_PREFIX_PATH=/home/jinhyuk2me/dev_ws/Shopee/ros2_ws/install/shopee_interfaces:${AMENT_PREFIX_PATH} CMAKE_PREFIX_PATH=/home/jinhyuk2me/dev_ws/Shopee/ros2_ws/install/shopee_interfaces:${CMAKE_PREFIX_PATH} DEBUGINFOD_URLS=https://debuginfod.ubuntu.com LD_LIBRARY_PATH=/home/jinhyuk2me/dev_ws/Shopee/ros2_ws/install/shopee_interfaces/lib:${LD_LIBRARY_PATH} PS1=(ros_venv) \[\e[1;34m\](ID: ${ROS_DOMAIN_ID:-0})\[\e[1;32m\]\u\[\e[0m\]:\[\e[1;34m\]\w\[\e[0m\]$ PYTHONPATH=/home/jinhyuk2me/dev_ws/Shopee/ros2_ws/build/shopee_main_service/prefix_override:/usr/lib/python3/dist-packages/colcon_core/task/python/colcon_distutils_commands:/home/jinhyuk2me/dev_ws/Shopee/ros2_ws/install/shopee_main_service/lib/python3.12/site-packages:/home/jinhyuk2me/dev_ws/Shopee/ros2_ws/install/shopee_interfaces/lib/python3.12/site-packages:${PYTHONPATH} VIRTUAL_ENV_PROMPT=(ros_venv) /usr/bin/python3 -W ignore:setup.py install is deprecated -W ignore:easy_install command is deprecated setup.py egg_info --egg-base ../../build/shopee_main_service build --build-base /home/jinhyuk2me/dev_ws/Shopee/ros2_ws/build/shopee_main_service/build install --record /home/jinhyuk2me/dev_ws/Shopee/ros2_ws/build/shopee_main_service/install.log --single-version-externally-managed install_data
[1.183s] running egg_info
[1.209s] writing ../../build/shopee_main_service/shopee_main_service.egg-info/PKG-INFO
[1.209s] writing dependency_links to ../../build/shopee_main_service/shopee_main_service.egg-info/dependency_links.txt
[1.209s] writing entry points to ../../build/shopee_main_service/shopee_main_service.egg-info/entry_points.txt
[1.209s] writing requirements to ../../build/shopee_main_service/shopee_main_service.egg-info/requires.txt
[1.210s] writing top-level names to ../../build/shopee_main_service/shopee_main_service.egg-info/top_level.txt
[1.263s] reading manifest file '../../build/shopee_main_service/shopee_main_service.egg-info/SOURCES.txt'
[1.264s] writing manifest file '../../build/shopee_main_service/shopee_main_service.egg-info/SOURCES.txt'
[1.264s] running build
[1.264s] running build_py
[1.264s] copying shopee_main_service/inventory_service.py -> /home/jinhyuk2me/dev_ws/Shopee/ros2_ws/build/shopee_main_service/build/lib/shopee_main_service
[1.264s] copying shopee_main_service/main_service_node.py -> /home/jinhyuk2me/dev_ws/Shopee/ros2_ws/build/shopee_main_service/build/lib/shopee_main_service
[1.265s] copying shopee_main_service/config.py -> /home/jinhyuk2me/dev_ws/Shopee/ros2_ws/build/shopee_main_service/build/lib/shopee_main_service
[1.265s] copying shopee_main_service/order_service.py -> /home/jinhyuk2me/dev_ws/Shopee/ros2_ws/build/shopee_main_service/build/lib/shopee_main_service
[1.265s] copying shopee_main_service/user_service.py -> /home/jinhyuk2me/dev_ws/Shopee/ros2_ws/build/shopee_main_service/build/lib/shopee_main_service
[1.265s] copying shopee_main_service/robot_coordinator.py -> /home/jinhyuk2me/dev_ws/Shopee/ros2_ws/build/shopee_main_service/build/lib/shopee_main_service
[1.265s] copying shopee_main_service/robot_history_service.py -> /home/jinhyuk2me/dev_ws/Shopee/ros2_ws/build/shopee_main_service/build/lib/shopee_main_service
[1.265s] copying shopee_main_service/__init__.py -> /home/jinhyuk2me/dev_ws/Shopee/ros2_ws/build/shopee_main_service/build/lib/shopee_main_service
[1.266s] copying shopee_main_service/api_controller.py -> /home/jinhyuk2me/dev_ws/Shopee/ros2_ws/build/shopee_main_service/build/lib/shopee_main_service
[1.266s] running install
[1.271s] running install_lib
[1.298s] copying /home/jinhyuk2me/dev_ws/Shopee/ros2_ws/build/shopee_main_service/build/lib/shopee_main_service/inventory_service.py -> /home/jinhyuk2me/dev_ws/Shopee/ros2_ws/install/shopee_main_service/lib/python3.12/site-packages/shopee_main_service
[1.298s] copying /home/jinhyuk2me/dev_ws/Shopee/ros2_ws/build/shopee_main_service/build/lib/shopee_main_service/main_service_node.py -> /home/jinhyuk2me/dev_ws/Shopee/ros2_ws/install/shopee_main_service/lib/python3.12/site-packages/shopee_main_service
[1.298s] copying /home/jinhyuk2me/dev_ws/Shopee/ros2_ws/build/shopee_main_service/build/lib/shopee_main_service/config.py -> /home/jinhyuk2me/dev_ws/Shopee/ros2_ws/install/shopee_main_service/lib/python3.12/site-packages/shopee_main_service
[1.299s] copying /home/jinhyuk2me/dev_ws/Shopee/ros2_ws/build/shopee_main_service/build/lib/shopee_main_service/order_service.py -> /home/jinhyuk2me/dev_ws/Shopee/ros2_ws/install/shopee_main_service/lib/python3.12/site-packages/shopee_main_service
[1.299s] copying /home/jinhyuk2me/dev_ws/Shopee/ros2_ws/build/shopee_main_service/build/lib/shopee_main_service/user_service.py -> /home/jinhyuk2me/dev_ws/Shopee/ros2_ws/install/shopee_main_service/lib/python3.12/site-packages/shopee_main_service
[1.299s] copying /home/jinhyuk2me/dev_ws/Shopee/ros2_ws/build/shopee_main_service/build/lib/shopee_main_service/robot_coordinator.py -> /home/jinhyuk2me/dev_ws/Shopee/ros2_ws/install/shopee_main_service/lib/python3.12/site-packages/shopee_main_service
[1.299s] copying /home/jinhyuk2me/dev_ws/Shopee/ros2_ws/build/shopee_main_service/build/lib/shopee_main_service/robot_history_service.py -> /home/jinhyuk2me/dev_ws/Shopee/ros2_ws/install/shopee_main_service/lib/python3.12/site-packages/shopee_main_service
[1.299s] copying /home/jinhyuk2me/dev_ws/Shopee/ros2_ws/build/shopee_main_service/build/lib/shopee_main_service/__init__.py -> /home/jinhyuk2me/dev_ws/Shopee/ros2_ws/install/shopee_main_service/lib/python3.12/site-packages/shopee_main_service
[1.299s] copying /home/jinhyuk2me/dev_ws/Shopee/ros2_ws/build/shopee_main_service/build/lib/shopee_main_service/api_controller.py -> /home/jinhyuk2me/dev_ws/Shopee/ros2_ws/install/shopee_main_service/lib/python3.12/site-packages/shopee_main_service
[1.300s] byte-compiling /home/jinhyuk2me/dev_ws/Shopee/ros2_ws/install/shopee_main_service/lib/python3.12/site-packages/shopee_main_service/inventory_service.py to inventory_service.cpython-312.pyc
[1.301s] byte-compiling /home/jinhyuk2me/dev_ws/Shopee/ros2_ws/install/shopee_main_service/lib/python3.12/site-packages/shopee_main_service/main_service_node.py to main_service_node.cpython-312.pyc
[1.304s] byte-compiling /home/jinhyuk2me/dev_ws/Shopee/ros2_ws/install/shopee_main_service/lib/python3.12/site-packages/shopee_main_service/config.py to config.cpython-312.pyc
[1.304s] byte-compiling /home/jinhyuk2me/dev_ws/Shopee/ros2_ws/install/shopee_main_service/lib/python3.12/site-packages/shopee_main_service/order_service.py to order_service.cpython-312.pyc
[1.307s] byte-compiling /home/jinhyuk2me/dev_ws/Shopee/ros2_ws/install/shopee_main_service/lib/python3.12/site-packages/shopee_main_service/user_service.py to user_service.cpython-312.pyc
[1.308s] byte-compiling /home/jinhyuk2me/dev_ws/Shopee/ros2_ws/install/shopee_main_service/lib/python3.12/site-packages/shopee_main_service/robot_coordinator.py to robot_coordinator.cpython-312.pyc
[1.309s] byte-compiling /home/jinhyuk2me/dev_ws/Shopee/ros2_ws/install/shopee_main_service/lib/python3.12/site-packages/shopee_main_service/robot_history_service.py to robot_history_service.cpython-312.pyc
[1.310s] byte-compiling /home/jinhyuk2me/dev_ws/Shopee/ros2_ws/install/shopee_main_service/lib/python3.12/site-packages/shopee_main_service/__init__.py to __init__.cpython-312.pyc
[1.310s] byte-compiling /home/jinhyuk2me/dev_ws/Shopee/ros2_ws/install/shopee_main_service/lib/python3.12/site-packages/shopee_main_service/api_controller.py to api_controller.cpython-312.pyc
[1.311s] running install_data
[1.312s] running install_egg_info
[1.339s] removing '/home/jinhyuk2me/dev_ws/Shopee/ros2_ws/install/shopee_main_service/lib/python3.12/site-packages/shopee_main_service-0.0.1-py3.12.egg-info' (and everything under it)
[1.339s] Copying ../../build/shopee_main_service/shopee_main_service.egg-info to /home/jinhyuk2me/dev_ws/Shopee/ros2_ws/install/shopee_main_service/lib/python3.12/site-packages/shopee_main_service-0.0.1-py3.12.egg-info
[1.340s] running install_scripts
[1.510s] Installing main_service_node script to /home/jinhyuk2me/dev_ws/Shopee/ros2_ws/install/shopee_main_service/lib/shopee_main_service
[1.510s] writing list of installed files to '/home/jinhyuk2me/dev_ws/Shopee/ros2_ws/build/shopee_main_service/install.log'
[1.531s] Invoked command in '/home/jinhyuk2me/dev_ws/Shopee/ros2_ws/src/shopee_main_service' returned '0': AMENT_PREFIX_PATH=/home/jinhyuk2me/dev_ws/Shopee/ros2_ws/install/shopee_interfaces:${AMENT_PREFIX_PATH} CMAKE_PREFIX_PATH=/home/jinhyuk2me/dev_ws/Shopee/ros2_ws/install/shopee_interfaces:${CMAKE_PREFIX_PATH} DEBUGINFOD_URLS=https://debuginfod.ubuntu.com LD_LIBRARY_PATH=/home/jinhyuk2me/dev_ws/Shopee/ros2_ws/install/shopee_interfaces/lib:${LD_LIBRARY_PATH} PS1=(ros_venv) \[\e[1;34m\](ID: ${ROS_DOMAIN_ID:-0})\[\e[1;32m\]\u\[\e[0m\]:\[\e[1;34m\]\w\[\e[0m\]$ PYTHONPATH=/home/jinhyuk2me/dev_ws/Shopee/ros2_ws/build/shopee_main_service/prefix_override:/usr/lib/python3/dist-packages/colcon_core/task/python/colcon_distutils_commands:/home/jinhyuk2me/dev_ws/Shopee/ros2_ws/install/shopee_main_service/lib/python3.12/site-packages:/home/jinhyuk2me/dev_ws/Shopee/ros2_ws/install/shopee_interfaces/lib/python3.12/site-packages:${PYTHONPATH} VIRTUAL_ENV_PROMPT=(ros_venv) /usr/bin/python3 -W ignore:setup.py install is deprecated -W ignore:easy_install command is deprecated setup.py egg_info --egg-base ../../build/shopee_main_service build --build-base /home/jinhyuk2me/dev_ws/Shopee/ros2_ws/build/shopee_main_service/build install --record /home/jinhyuk2me/dev_ws/Shopee/ros2_ws/build/shopee_main_service/install.log --single-version-externally-managed install_data
