[0.929s] Invoking command in '/home/jinhyuk2me/dev_ws/Shopee/ros2_ws/src/shopee_main_service': AMENT_PREFIX_PATH=/home/jinhyuk2me/dev_ws/Shopee/ros2_ws/install/shopee_interfaces:${AMENT_PREFIX_PATH} CMAKE_PREFIX_PATH=/home/jinhyuk2me/dev_ws/Shopee/ros2_ws/install/shopee_interfaces:${CMAKE_PREFIX_PATH} DEBUGINFOD_URLS=https://debuginfod.ubuntu.com LD_LIBRARY_PATH=/home/jinhyuk2me/dev_ws/Shopee/ros2_ws/install/shopee_interfaces/lib:${LD_LIBRARY_PATH} PYTHONPATH=/home/jinhyuk2me/dev_ws/Shopee/ros2_ws/build/shopee_main_service/prefix_override:/usr/lib/python3/dist-packages/colcon_core/task/python/colcon_distutils_commands:/home/jinhyuk2me/dev_ws/Shopee/ros2_ws/install/shopee_main_service/lib/python3.12/site-packages:/home/jinhyuk2me/dev_ws/Shopee/ros2_ws/install/shopee_interfaces/lib/python3.12/site-packages:${PYTHONPATH} VIRTUAL_ENV_PROMPT=(ros_venv) /usr/bin/python3 -W ignore:setup.py install is deprecated -W ignore:easy_install command is deprecated setup.py egg_info --egg-base ../../build/shopee_main_service build --build-base /home/jinhyuk2me/dev_ws/Shopee/ros2_ws/build/shopee_main_service/build install --record /home/jinhyuk2me/dev_ws/Shopee/ros2_ws/build/shopee_main_service/install.log --single-version-externally-managed install_data
[1.241s] running egg_info
[1.271s] writing ../../build/shopee_main_service/shopee_main_service.egg-info/PKG-INFO
[1.271s] writing dependency_links to ../../build/shopee_main_service/shopee_main_service.egg-info/dependency_links.txt
[1.271s] writing entry points to ../../build/shopee_main_service/shopee_main_service.egg-info/entry_points.txt
[1.271s] writing requirements to ../../build/shopee_main_service/shopee_main_service.egg-info/requires.txt
[1.271s] writing top-level names to ../../build/shopee_main_service/shopee_main_service.egg-info/top_level.txt
[1.326s] reading manifest file '../../build/shopee_main_service/shopee_main_service.egg-info/SOURCES.txt'
[1.327s] writing manifest file '../../build/shopee_main_service/shopee_main_service.egg-info/SOURCES.txt'
[1.327s] running build
[1.327s] running build_py
[1.327s] running install
[1.332s] running install_lib
[1.360s] running install_data
[1.360s] copying package.xml -> /home/jinhyuk2me/dev_ws/Shopee/ros2_ws/install/shopee_main_service/share/shopee_main_service
[1.360s] running install_egg_info
[1.389s] removing '/home/jinhyuk2me/dev_ws/Shopee/ros2_ws/install/shopee_main_service/lib/python3.12/site-packages/shopee_main_service-0.0.1-py3.12.egg-info' (and everything under it)
[1.389s] Copying ../../build/shopee_main_service/shopee_main_service.egg-info to /home/jinhyuk2me/dev_ws/Shopee/ros2_ws/install/shopee_main_service/lib/python3.12/site-packages/shopee_main_service-0.0.1-py3.12.egg-info
[1.390s] running install_scripts
[1.562s] Installing main_service_node script to /home/jinhyuk2me/dev_ws/Shopee/ros2_ws/install/shopee_main_service/lib/shopee_main_service
[1.563s] writing list of installed files to '/home/jinhyuk2me/dev_ws/Shopee/ros2_ws/build/shopee_main_service/install.log'
[1.587s] Invoked command in '/home/jinhyuk2me/dev_ws/Shopee/ros2_ws/src/shopee_main_service' returned '0': AMENT_PREFIX_PATH=/home/jinhyuk2me/dev_ws/Shopee/ros2_ws/install/shopee_interfaces:${AMENT_PREFIX_PATH} CMAKE_PREFIX_PATH=/home/jinhyuk2me/dev_ws/Shopee/ros2_ws/install/shopee_interfaces:${CMAKE_PREFIX_PATH} DEBUGINFOD_URLS=https://debuginfod.ubuntu.com LD_LIBRARY_PATH=/home/jinhyuk2me/dev_ws/Shopee/ros2_ws/install/shopee_interfaces/lib:${LD_LIBRARY_PATH} PYTHONPATH=/home/jinhyuk2me/dev_ws/Shopee/ros2_ws/build/shopee_main_service/prefix_override:/usr/lib/python3/dist-packages/colcon_core/task/python/colcon_distutils_commands:/home/jinhyuk2me/dev_ws/Shopee/ros2_ws/install/shopee_main_service/lib/python3.12/site-packages:/home/jinhyuk2me/dev_ws/Shopee/ros2_ws/install/shopee_interfaces/lib/python3.12/site-packages:${PYTHONPATH} VIRTUAL_ENV_PROMPT=(ros_venv) /usr/bin/python3 -W ignore:setup.py install is deprecated -W ignore:easy_install command is deprecated setup.py egg_info --egg-base ../../build/shopee_main_service build --build-base /home/jinhyuk2me/dev_ws/Shopee/ros2_ws/build/shopee_main_service/build install --record /home/jinhyuk2me/dev_ws/Shopee/ros2_ws/build/shopee_main_service/install.log --single-version-externally-managed install_data
