[0.826s] Invoking command in '/home/jinhyuk2me/dev_ws/Shopee/ros2_ws/src/shopee_main_service': DEBUGINFOD_URLS=https://debuginfod.ubuntu.com PS1=(ros_venv) \[\e[1;34m\](ID: ${ROS_DOMAIN_ID:-0})\[\e[1;32m\]\u\[\e[0m\]:\[\e[1;34m\]\w\[\e[0m\]$ PYTHONPATH=/home/jinhyuk2me/dev_ws/Shopee/ros2_ws/build/shopee_main_service/prefix_override:/usr/lib/python3/dist-packages/colcon_core/task/python/colcon_distutils_commands:/home/jinhyuk2me/dev_ws/Shopee/ros2_ws/install/shopee_main_service/lib/python3.12/site-packages:/home/jinhyuk2me/dev_ws/Shopee/ros2_ws/install/shopee_interfaces/lib/python3.12/site-packages:/home/jinhyuk2me/dev_ws/Shopee/ros2_ws/install/shopee_main_service/lib/python3.12/site-packages:/opt/ros/jazzy/lib/python3.12/site-packages VIRTUAL_ENV_PROMPT=(ros_venv) /usr/bin/python3 -W ignore:setup.py install is deprecated -W ignore:easy_install command is deprecated setup.py egg_info --egg-base ../../build/shopee_main_service build --build-base /home/jinhyuk2me/dev_ws/Shopee/ros2_ws/build/shopee_main_service/build install --record /home/jinhyuk2me/dev_ws/Shopee/ros2_ws/build/shopee_main_service/install.log --single-version-externally-managed install_data
[1.103s] running egg_info
[1.127s] writing ../../build/shopee_main_service/shopee_main_service.egg-info/PKG-INFO
[1.127s] writing dependency_links to ../../build/shopee_main_service/shopee_main_service.egg-info/dependency_links.txt
[1.128s] writing entry points to ../../build/shopee_main_service/shopee_main_service.egg-info/entry_points.txt
[1.128s] writing requirements to ../../build/shopee_main_service/shopee_main_service.egg-info/requires.txt
[1.128s] writing top-level names to ../../build/shopee_main_service/shopee_main_service.egg-info/top_level.txt
[1.177s] reading manifest file '../../build/shopee_main_service/shopee_main_service.egg-info/SOURCES.txt'
[1.178s] writing manifest file '../../build/shopee_main_service/shopee_main_service.egg-info/SOURCES.txt'
[1.178s] running build
[1.178s] running build_py
[1.179s] running install
[1.183s] running install_lib
[1.209s] running install_data
[1.209s] running install_egg_info
[1.235s] removing '/home/jinhyuk2me/dev_ws/Shopee/ros2_ws/install/shopee_main_service/lib/python3.12/site-packages/shopee_main_service-0.0.1-py3.12.egg-info' (and everything under it)
[1.235s] Copying ../../build/shopee_main_service/shopee_main_service.egg-info to /home/jinhyuk2me/dev_ws/Shopee/ros2_ws/install/shopee_main_service/lib/python3.12/site-packages/shopee_main_service-0.0.1-py3.12.egg-info
[1.236s] running install_scripts
[1.392s] Installing main_service_node script to /home/jinhyuk2me/dev_ws/Shopee/ros2_ws/install/shopee_main_service/lib/shopee_main_service
[1.392s] writing list of installed files to '/home/jinhyuk2me/dev_ws/Shopee/ros2_ws/build/shopee_main_service/install.log'
[1.411s] Invoked command in '/home/jinhyuk2me/dev_ws/Shopee/ros2_ws/src/shopee_main_service' returned '0': DEBUGINFOD_URLS=https://debuginfod.ubuntu.com PS1=(ros_venv) \[\e[1;34m\](ID: ${ROS_DOMAIN_ID:-0})\[\e[1;32m\]\u\[\e[0m\]:\[\e[1;34m\]\w\[\e[0m\]$ PYTHONPATH=/home/jinhyuk2me/dev_ws/Shopee/ros2_ws/build/shopee_main_service/prefix_override:/usr/lib/python3/dist-packages/colcon_core/task/python/colcon_distutils_commands:/home/jinhyuk2me/dev_ws/Shopee/ros2_ws/install/shopee_main_service/lib/python3.12/site-packages:/home/jinhyuk2me/dev_ws/Shopee/ros2_ws/install/shopee_interfaces/lib/python3.12/site-packages:/home/jinhyuk2me/dev_ws/Shopee/ros2_ws/install/shopee_main_service/lib/python3.12/site-packages:/opt/ros/jazzy/lib/python3.12/site-packages VIRTUAL_ENV_PROMPT=(ros_venv) /usr/bin/python3 -W ignore:setup.py install is deprecated -W ignore:easy_install command is deprecated setup.py egg_info --egg-base ../../build/shopee_main_service build --build-base /home/jinhyuk2me/dev_ws/Shopee/ros2_ws/build/shopee_main_service/build install --record /home/jinhyuk2me/dev_ws/Shopee/ros2_ws/build/shopee_main_service/install.log --single-version-externally-managed install_data
